2025-08-29 18:17:40 - 0.1 - src.utils.logger - INFO - SYSTEM - 日志系统初始化成功
2025-08-29 18:17:40 - 0.1 - src.utils.logger - INFO - SYSTEM - 控制台日志级别: DEBUG
2025-08-29 18:17:40 - 0.1 - src.utils.logger - INFO - SYSTEM - 文件日志路径: tmp/log/server.log
2025-08-29 18:17:40 - 0.1 - src.utils.logger - INFO - SYSTEM - 日志轮转设置: 10 MB
2025-08-29 18:17:40 - 0.1 - src.utils.logger - INFO - SYSTEM - 日志保留设置: 30 days
2025-08-29 18:17:40 - 0.1 - __main__ - INFO - SYSTEM - 系统启动
2025-08-29 18:17:40 - 0.1 - __main__ - DEBUG - SYSTEM - 调试信息
2025-08-29 18:17:40 - 0.1 - __main__ - INFO - API - API服务启动
2025-08-29 18:17:40 - 0.1 - __main__ - WARNING - API - API请求频率过高
2025-08-29 18:17:40 - 0.1 - __main__ - INFO - DATABASE - 数据库连接成功
2025-08-29 18:17:40 - 0.1 - __main__ - ERROR - DATABASE - 数据库查询失败
2025-08-29 18:17:40 - 0.1 - __main__ - INFO - API - 用户登录
2025-08-29 18:41:37 - 0.1 - src.utils.logger - INFO - SYSTEM - 日志系统初始化成功
2025-08-29 18:41:37 - 0.1 - src.utils.logger - INFO - SYSTEM - 控制台日志级别: DEBUG
2025-08-29 18:41:37 - 0.1 - src.utils.logger - INFO - SYSTEM - 文件日志路径: tmp/log/server.log
2025-08-29 18:41:37 - 0.1 - src.utils.logger - INFO - SYSTEM - 日志轮转设置: 10 MB
2025-08-29 18:41:37 - 0.1 - src.utils.logger - INFO - SYSTEM - 日志保留设置: 30 days
2025-08-29 18:41:37 - 0.1 - __main__ - INFO - SYSTEM - 系统启动
2025-08-29 18:41:37 - 0.1 - __main__ - DEBUG - SYSTEM - 调试信息
2025-08-29 18:41:37 - 0.1 - __main__ - INFO - API - API服务启动
2025-08-29 18:41:37 - 0.1 - __main__ - WARNING - API - API请求频率过高
2025-08-29 18:41:37 - 0.1 - __main__ - INFO - DATABASE - 数据库连接成功
2025-08-29 18:41:37 - 0.1 - __main__ - ERROR - DATABASE - 数据库查询失败
2025-08-29 18:41:37 - 0.1 - __main__ - INFO - API - 用户登录
